<?xml version="1.0" encoding="UTF-8"?>
<testng-results skipped="0" failed="0" ignored="0" total="1" passed="1">
  <reporter-output>
  </reporter-output>
  <suite name="Default suite" duration-ms="19562" started-at="2022-03-23T11:21:37 CDT" finished-at="2022-03-23T11:21:57 CDT">
    <groups>
    </groups>
    <test name="Default test" duration-ms="19562" started-at="2022-03-23T11:21:37 CDT" finished-at="2022-03-23T11:21:57 CDT">
      <class name="test.AddCustomerTest">
        <test-method status="PASS" signature="validUserShouldBeAbleToAddCustomer()[pri:0, instance:test.AddCustomerTest@15d0c81b]" name="validUserShouldBeAbleToAddCustomer" duration-ms="19378" started-at="2022-03-23T11:21:37 CDT" finished-at="2022-03-23T11:21:57 CDT">
          <reporter-output>
          </reporter-output>
        </test-method> <!-- validUserShouldBeAbleToAddCustomer -->
      </class> <!-- test.AddCustomerTest -->
    </test> <!-- Default test -->
  </suite> <!-- Default suite -->
</testng-results>
